[debug] [2022-11-24T15:40:20.203Z] ----------------------------------------------------------------------
[debug] [2022-11-24T15:40:20.204Z] Command:       E:\Program Files\nodejs\node.exe C:\Users\ELDERFLOWER LIME\AppData\Roaming\npm\node_modules\firebase-tools\lib\bin\firebase.js init
[debug] [2022-11-24T15:40:20.205Z] CLI Version:   11.16.1
[debug] [2022-11-24T15:40:20.205Z] Platform:      win32
[debug] [2022-11-24T15:40:20.205Z] Node Version:  v16.14.0
[debug] [2022-11-24T15:40:20.206Z] Time:          Thu Nov 24 2022 16:40:20 GMT+0100 (czas środkowoeuropejski standardowy)
[debug] [2022-11-24T15:40:20.206Z] ----------------------------------------------------------------------
[debug] 
[debug] [2022-11-24T15:40:20.213Z] > command requires scopes: ["email","openid","https://www.googleapis.com/auth/cloudplatformprojects.readonly","https://www.googleapis.com/auth/firebase","https://www.googleapis.com/auth/cloud-platform"]
[debug] [2022-11-24T15:40:20.214Z] > authorizing via signed-in user (chaeraim@gmail.com)
[info] 
     ######## #### ########  ######## ########     ###     ######  ########
     ##        ##  ##     ## ##       ##     ##  ##   ##  ##       ##
     ######    ##  ########  ######   ########  #########  ######  ######
     ##        ##  ##    ##  ##       ##     ## ##     ##       ## ##
     ##       #### ##     ## ######## ########  ##     ##  ######  ########

You're about to initialize a Firebase project in this directory:

  C:\Users\ELDERFLOWER LIME\facebook-clone

[info] 
=== Project Setup
[info] 
[info] First, let's associate this project directory with a Firebase project.
[info] You can create multiple project aliases by running firebase use --add, 
[info] but for now we'll just set up a default project.
[info] 
[debug] [2022-11-24T15:40:27.200Z] >>> [apiv2][query] GET https://firebase.googleapis.com/v1beta1/projects pageSize=100
[debug] [2022-11-24T15:40:27.767Z] <<< [apiv2][status] GET https://firebase.googleapis.com/v1beta1/projects 200
[debug] [2022-11-24T15:40:27.767Z] <<< [apiv2][body] GET https://firebase.googleapis.com/v1beta1/projects [omitted]
[info] i  Using project fb-clone-b02fe (fb-clone) 
[info] 
=== Hosting Setup
[info] 
[info] Your public directory is the folder (relative to your project directory) that
[info] will contain Hosting assets to be uploaded with firebase deploy. If you
[info] have a build process for your assets, use your build's output directory.
[info] 
[debug] [2022-11-24T15:41:07.013Z] >>> [apiv2][query] GET https://www.gstatic.com/firebasejs/releases.json [none]
[debug] [2022-11-24T15:41:07.118Z] <<< [apiv2][status] GET https://www.gstatic.com/firebasejs/releases.json 200
[debug] [2022-11-24T15:41:07.118Z] <<< [apiv2][body] GET https://www.gstatic.com/firebasejs/releases.json {"current":{"version":"9.14.0","browserURL":"https://www.gstatic.com/firebasejs/9.14.0/firebase.js","packageURL":"https://www.gstatic.com/firebasejs/9.14.0/firebase.tgz"},"live":{"version":"9.14","browserURL":"https://www.gstatic.com/firebasejs/live/9.14/firebase.js","packageURL":"https://www.gstatic.com/firebasejs/live/9.14/firebase.tgz"},"components":{"analytics":"https://www.gstatic.com/firebasejs/9.14.0/firebase-analytics.js","app":"https://www.gstatic.com/firebasejs/9.14.0/firebase-app.js","app-check":"https://www.gstatic.com/firebasejs/9.14.0/firebase-app-check.js","auth":"https://www.gstatic.com/firebasejs/9.14.0/firebase-auth.js","auth/cordova":"https://www.gstatic.com/firebasejs/9.14.0/firebase-auth/cordova.js","auth/react-native":"https://www.gstatic.com/firebasejs/9.14.0/firebase-auth/react-native.js","functions":"https://www.gstatic.com/firebasejs/9.14.0/firebase-functions.js","firestore":"https://www.gstatic.com/firebasejs/9.14.0/firebase-firestore.js","firestore/lite":"https://www.gstatic.com/firebasejs/9.14.0/firebase-firestore/lite.js","installations":"https://www.gstatic.com/firebasejs/9.14.0/firebase-installations.js","storage":"https://www.gstatic.com/firebasejs/9.14.0/firebase-storage.js","performance":"https://www.gstatic.com/firebasejs/9.14.0/firebase-performance.js","remote-config":"https://www.gstatic.com/firebasejs/9.14.0/firebase-remote-config.js","messaging":"https://www.gstatic.com/firebasejs/9.14.0/firebase-messaging.js","messaging/sw":"https://www.gstatic.com/firebasejs/9.14.0/firebase-messaging/sw.js","database":"https://www.gstatic.com/firebasejs/9.14.0/firebase-database.js","firestore.memory":"https://www.gstatic.com/firebasejs/9.14.0/firebase-firestore.memory.js"}}
[info] +  Wrote build/index.html 
[info] 
[info] i  Detected a .git folder at C:\Users\ELDERFLOWER LIME\facebook-clone 
[info] i  Authorizing with GitHub to upload your service account to a GitHub repository's secrets store. 
[info] 
[info] Visit this URL on this device to log in:
[info] https://github.com/login/oauth/authorize?client_id=89cf50f02ac6aaed3484&state=399901237&redirect_uri=http%3A%2F%2Flocalhost%3A9005&scope=read%3Auser%20repo%20public_repo
[info] 
[info] Waiting for authentication...
[debug] [2022-11-24T15:41:33.983Z] >>> [apiv2][query] POST https://github.com/login/oauth/access_token [none]
[debug] [2022-11-24T15:41:33.983Z] >>> [apiv2][body] POST https://github.com/login/oauth/access_token [stream]
[debug] [2022-11-24T15:41:34.363Z] <<< [apiv2][status] POST https://github.com/login/oauth/access_token 200
[debug] [2022-11-24T15:41:34.363Z] <<< [apiv2][body] POST https://github.com/login/oauth/access_token {"access_token":"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","token_type":"bearer","scope":"read:user,repo"}
[debug] [2022-11-24T15:41:34.369Z] >>> [apiv2][query] GET https://api.github.com/user [none]
[debug] [2022-11-24T15:41:34.735Z] <<< [apiv2][status] GET https://api.github.com/user 200
[debug] [2022-11-24T15:41:34.735Z] <<< [apiv2][body] GET https://api.github.com/user {"login":"elderflowerlime","id":83454843,"node_id":"MDQ6VXNlcjgzNDU0ODQz","avatar_url":"https://avatars.githubusercontent.com/u/83454843?v=4","gravatar_id":"","url":"https://api.github.com/users/elderflowerlime","html_url":"https://github.com/elderflowerlime","followers_url":"https://api.github.com/users/elderflowerlime/followers","following_url":"https://api.github.com/users/elderflowerlime/following{/other_user}","gists_url":"https://api.github.com/users/elderflowerlime/gists{/gist_id}","starred_url":"https://api.github.com/users/elderflowerlime/starred{/owner}{/repo}","subscriptions_url":"https://api.github.com/users/elderflowerlime/subscriptions","organizations_url":"https://api.github.com/users/elderflowerlime/orgs","repos_url":"https://api.github.com/users/elderflowerlime/repos","events_url":"https://api.github.com/users/elderflowerlime/events{/privacy}","received_events_url":"https://api.github.com/users/elderflowerlime/received_events","type":"User","site_admin":false,"name":"Lime","company":null,"blog":"","location":"Wrocław","email":null,"hireable":null,"bio":null,"twitter_username":null,"public_repos":5,"public_gists":0,"followers":0,"following":0,"created_at":"2021-04-30T11:51:34Z","updated_at":"2022-11-24T15:41:30Z","private_gists":0,"total_private_repos":5,"owned_private_repos":3,"disk_usage":73971,"collaborators":0,"two_factor_authentication":false,"plan":{"name":"free","space":976562499,"collaborators":0,"private_repos":10000}}
[info] 
[info] +  Success! Logged into GitHub as elderflowerlime 
[info] 
[debug] [2022-11-24T15:41:51.124Z] >>> [apiv2][query] GET https://api.github.com/repos/elderflowerlime/actions/secrets/public-key type=owner
[debug] [2022-11-24T15:41:52.478Z] <<< [apiv2][status] GET https://api.github.com/repos/elderflowerlime/actions/secrets/public-key 404
[debug] [2022-11-24T15:41:52.478Z] <<< [apiv2][body] GET https://api.github.com/repos/elderflowerlime/actions/secrets/public-key {"message":"Not Found","documentation_url":"https://docs.github.com/rest"}
[debug] [2022-11-24T15:42:04.355Z] >>> [apiv2][query] GET https://api.github.com/repos/elderflowerlime/fb-clone/actions/secrets/public-key type=owner
[debug] [2022-11-24T15:42:04.617Z] <<< [apiv2][status] GET https://api.github.com/repos/elderflowerlime/fb-clone/actions/secrets/public-key 404
[debug] [2022-11-24T15:42:04.617Z] <<< [apiv2][body] GET https://api.github.com/repos/elderflowerlime/fb-clone/actions/secrets/public-key {"message":"Not Found","documentation_url":"https://docs.github.com/rest/reference/actions#get-a-repository-public-key"}
[debug] [2022-11-24T15:42:19.031Z] >>> [apiv2][query] GET https://api.github.com/repos/elderflowerlime/fb-clone/actions/secrets/public-key type=owner
[debug] [2022-11-24T15:42:19.478Z] <<< [apiv2][status] GET https://api.github.com/repos/elderflowerlime/fb-clone/actions/secrets/public-key 404
[debug] [2022-11-24T15:42:19.479Z] <<< [apiv2][body] GET https://api.github.com/repos/elderflowerlime/fb-clone/actions/secrets/public-key {"message":"Not Found","documentation_url":"https://docs.github.com/rest/reference/actions#get-a-repository-public-key"}
